<?xml version="1.0" encoding="UTF-8"?>
<!-- Generated by org.testng.reporters.JUnitReportReporter -->
<testsuite hostname="LTIN555254" failures="0" tests="4" name="runners.TestRunner" time="190.981" errors="0" timestamp="2025-01-19T16:57:20 IST" skipped="0">
  <testcase classname="runners.TestRunner" name="runScenario" time="55.215"/>
  <testcase classname="runners.TestRunner" name="runScenario" time="44.869"/>
  <testcase classname="runners.TestRunner" name="runScenario" time="49.233"/>
  <testcase classname="runners.TestRunner" name="runScenario" time="41.664"/>
</testsuite> <!-- runners.TestRunner -->
